<?xml version="1.0" encoding="UTF-8"?>
<robot generator="Robot 4.1.2 (Python 3.9.8 on win32)" generated="20211108 15:23:02.306" rpa="false" schemaversion="2">
<suite id="s1" name="Robot" source="C:\Users\jakub\Desktop\Sporitelna\Uloha\robot">
<suite id="s1-s1" name="Tasks" source="C:\Users\jakub\Desktop\Sporitelna\Uloha\robot\tasks.robot">
<test id="s1-s1-t1" name="Tasks">
<kw name="Open Browser To Start Page" library="resource">
<kw name="Open Browser" library="SeleniumLibrary">
<arg>${SERVER}</arg>
<arg>${BROWSER}</arg>
<doc>Opens a new browser instance to the optional ``url``.</doc>
<msg timestamp="20211108 15:23:02.656" level="INFO">Opening browser 'Chrome' to base url 'http://loadrunnertips.com/LoadRunner_Correlation_Challenge_Mod.aspx'.</msg>
<status status="PASS" starttime="20211108 15:23:02.655" endtime="20211108 15:23:06.009"/>
</kw>
<kw name="Set Selenium Speed" library="SeleniumLibrary">
<arg>${DELAY}</arg>
<doc>Sets the delay that is waited after each Selenium command.</doc>
<status status="PASS" starttime="20211108 15:23:06.009" endtime="20211108 15:23:06.010"/>
</kw>
<status status="PASS" starttime="20211108 15:23:02.655" endtime="20211108 15:23:06.010"/>
</kw>
<kw name="Start" library="resource">
<kw name="Click Button" library="SeleniumLibrary">
<arg>head_btnStart</arg>
<doc>Clicks the button identified by ``locator``.</doc>
<msg timestamp="20211108 15:23:06.012" level="INFO">Clicking button 'head_btnStart'.</msg>
<status status="PASS" starttime="20211108 15:23:06.011" endtime="20211108 15:23:07.049"/>
</kw>
<status status="PASS" starttime="20211108 15:23:06.011" endtime="20211108 15:23:07.049"/>
</kw>
<kw name="Input Number" library="resource">
<kw name="Get Text" library="SeleniumLibrary">
<var>${number}</var>
<arg>head_lblMagicno</arg>
<doc>Returns the text value of the element identified by ``locator``.</doc>
<msg timestamp="20211108 15:23:07.084" level="INFO">${number} = 1342</msg>
<status status="PASS" starttime="20211108 15:23:07.050" endtime="20211108 15:23:07.084"/>
</kw>
<kw name="Input Text" library="SeleniumLibrary">
<arg>head_txtMacigNo</arg>
<arg>${number}</arg>
<doc>Types the given ``text`` into the text field identified by ``locator``.</doc>
<msg timestamp="20211108 15:23:07.085" level="INFO">Typing text '1342' into text field 'head_txtMacigNo'.</msg>
<status status="PASS" starttime="20211108 15:23:07.085" endtime="20211108 15:23:07.168"/>
</kw>
<status status="PASS" starttime="20211108 15:23:07.049" endtime="20211108 15:23:07.168"/>
</kw>
<kw name="Next" library="resource">
<kw name="Click Button" library="SeleniumLibrary">
<arg>id:head_btnNext</arg>
<doc>Clicks the button identified by ``locator``.</doc>
<msg timestamp="20211108 15:23:07.169" level="INFO">Clicking button 'id:head_btnNext'.</msg>
<status status="PASS" starttime="20211108 15:23:07.169" endtime="20211108 15:23:08.183"/>
</kw>
<status status="PASS" starttime="20211108 15:23:07.168" endtime="20211108 15:23:08.183"/>
</kw>
<kw name="Next2" library="resource">
<kw name="Click Button" library="SeleniumLibrary">
<arg>Button1</arg>
<doc>Clicks the button identified by ``locator``.</doc>
<msg timestamp="20211108 15:23:08.184" level="INFO">Clicking button 'Button1'.</msg>
<status status="PASS" starttime="20211108 15:23:08.184" endtime="20211108 15:23:08.734"/>
</kw>
<status status="PASS" starttime="20211108 15:23:08.184" endtime="20211108 15:23:08.735"/>
</kw>
<for flavor="IN RANGE">
<var>${i}</var>
<value>21</value>
<iter>
<var name="${i}">0</var>
<if>
<branch type="IF" condition="${i} &gt; 0">
<kw name="Set Variable" library="BuiltIn">
<var>${j}</var>
<arg>${i}</arg>
<doc>Returns the given values which can then be assigned to a variables.</doc>
<status status="NOT RUN" starttime="20211108 15:23:08.737" endtime="20211108 15:23:08.737"/>
</kw>
<kw name="Catenate" library="BuiltIn">
<var>${status}</var>
<arg>SEPARATOR=</arg>
<arg>head_lblstatus</arg>
<arg>${j}</arg>
<doc>Catenates the given items together and returns the resulted string.</doc>
<status status="NOT RUN" starttime="20211108 15:23:08.737" endtime="20211108 15:23:08.737"/>
</kw>
<kw name="Get Text" library="SeleniumLibrary">
<var>${flight_status}</var>
<arg>${status}</arg>
<doc>Returns the text value of the element identified by ``locator``.</doc>
<status status="NOT RUN" starttime="20211108 15:23:08.737" endtime="20211108 15:23:08.737"/>
</kw>
<kw name="Catenate" library="BuiltIn">
<var>${check}</var>
<arg>SEPARATOR=</arg>
<arg>head_chk</arg>
<arg>${j}</arg>
<doc>Catenates the given items together and returns the resulted string.</doc>
<status status="NOT RUN" starttime="20211108 15:23:08.737" endtime="20211108 15:23:08.737"/>
</kw>
<kw name="Run Keyword If" library="BuiltIn">
<arg>'${flight_status}' == '${ontime}'</arg>
<arg>Select Checkbox</arg>
<arg>${check}</arg>
<doc>Runs the given keyword with the given arguments, if ``condition`` is true.</doc>
<status status="NOT RUN" starttime="20211108 15:23:08.737" endtime="20211108 15:23:08.737"/>
</kw>
<status status="NOT RUN" starttime="20211108 15:23:08.737" endtime="20211108 15:23:08.737"/>
</branch>
<status status="PASS" starttime="20211108 15:23:08.736" endtime="20211108 15:23:08.737"/>
</if>
<status status="PASS" starttime="20211108 15:23:08.736" endtime="20211108 15:23:08.737"/>
</iter>
<iter>
<var name="${i}">1</var>
<if>
<branch type="IF" condition="${i} &gt; 0">
<kw name="Set Variable" library="BuiltIn">
<var>${j}</var>
<arg>${i}</arg>
<doc>Returns the given values which can then be assigned to a variables.</doc>
<msg timestamp="20211108 15:23:08.738" level="INFO">${j} = 1</msg>
<status status="PASS" starttime="20211108 15:23:08.738" endtime="20211108 15:23:08.738"/>
</kw>
<kw name="Catenate" library="BuiltIn">
<var>${status}</var>
<arg>SEPARATOR=</arg>
<arg>head_lblstatus</arg>
<arg>${j}</arg>
<doc>Catenates the given items together and returns the resulted string.</doc>
<msg timestamp="20211108 15:23:08.738" level="INFO">${status} = head_lblstatus1</msg>
<status status="PASS" starttime="20211108 15:23:08.738" endtime="20211108 15:23:08.738"/>
</kw>
<kw name="Get Text" library="SeleniumLibrary">
<var>${flight_status}</var>
<arg>${status}</arg>
<doc>Returns the text value of the element identified by ``locator``.</doc>
<msg timestamp="20211108 15:23:08.769" level="INFO">${flight_status} = Delay</msg>
<status status="PASS" starttime="20211108 15:23:08.738" endtime="20211108 15:23:08.769"/>
</kw>
<kw name="Catenate" library="BuiltIn">
<var>${check}</var>
<arg>SEPARATOR=</arg>
<arg>head_chk</arg>
<arg>${j}</arg>
<doc>Catenates the given items together and returns the resulted string.</doc>
<msg timestamp="20211108 15:23:08.770" level="INFO">${check} = head_chk1</msg>
<status status="PASS" starttime="20211108 15:23:08.769" endtime="20211108 15:23:08.770"/>
</kw>
<kw name="Run Keyword If" library="BuiltIn">
<arg>'${flight_status}' == '${ontime}'</arg>
<arg>Select Checkbox</arg>
<arg>${check}</arg>
<doc>Runs the given keyword with the given arguments, if ``condition`` is true.</doc>
<status status="PASS" starttime="20211108 15:23:08.770" endtime="20211108 15:23:08.770"/>
</kw>
<status status="PASS" starttime="20211108 15:23:08.738" endtime="20211108 15:23:08.770"/>
</branch>
<status status="PASS" starttime="20211108 15:23:08.737" endtime="20211108 15:23:08.770"/>
</if>
<status status="PASS" starttime="20211108 15:23:08.737" endtime="20211108 15:23:08.770"/>
</iter>
<iter>
<var name="${i}">2</var>
<if>
<branch type="IF" condition="${i} &gt; 0">
<kw name="Set Variable" library="BuiltIn">
<var>${j}</var>
<arg>${i}</arg>
<doc>Returns the given values which can then be assigned to a variables.</doc>
<msg timestamp="20211108 15:23:08.771" level="INFO">${j} = 2</msg>
<status status="PASS" starttime="20211108 15:23:08.771" endtime="20211108 15:23:08.771"/>
</kw>
<kw name="Catenate" library="BuiltIn">
<var>${status}</var>
<arg>SEPARATOR=</arg>
<arg>head_lblstatus</arg>
<arg>${j}</arg>
<doc>Catenates the given items together and returns the resulted string.</doc>
<msg timestamp="20211108 15:23:08.771" level="INFO">${status} = head_lblstatus2</msg>
<status status="PASS" starttime="20211108 15:23:08.771" endtime="20211108 15:23:08.771"/>
</kw>
<kw name="Get Text" library="SeleniumLibrary">
<var>${flight_status}</var>
<arg>${status}</arg>
<doc>Returns the text value of the element identified by ``locator``.</doc>
<msg timestamp="20211108 15:23:08.854" level="INFO">${flight_status} = Delay</msg>
<status status="PASS" starttime="20211108 15:23:08.771" endtime="20211108 15:23:08.854"/>
</kw>
<kw name="Catenate" library="BuiltIn">
<var>${check}</var>
<arg>SEPARATOR=</arg>
<arg>head_chk</arg>
<arg>${j}</arg>
<doc>Catenates the given items together and returns the resulted string.</doc>
<msg timestamp="20211108 15:23:08.855" level="INFO">${check} = head_chk2</msg>
<status status="PASS" starttime="20211108 15:23:08.854" endtime="20211108 15:23:08.855"/>
</kw>
<kw name="Run Keyword If" library="BuiltIn">
<arg>'${flight_status}' == '${ontime}'</arg>
<arg>Select Checkbox</arg>
<arg>${check}</arg>
<doc>Runs the given keyword with the given arguments, if ``condition`` is true.</doc>
<status status="PASS" starttime="20211108 15:23:08.855" endtime="20211108 15:23:08.855"/>
</kw>
<status status="PASS" starttime="20211108 15:23:08.771" endtime="20211108 15:23:08.855"/>
</branch>
<status status="PASS" starttime="20211108 15:23:08.770" endtime="20211108 15:23:08.855"/>
</if>
<status status="PASS" starttime="20211108 15:23:08.770" endtime="20211108 15:23:08.856"/>
</iter>
<iter>
<var name="${i}">3</var>
<if>
<branch type="IF" condition="${i} &gt; 0">
<kw name="Set Variable" library="BuiltIn">
<var>${j}</var>
<arg>${i}</arg>
<doc>Returns the given values which can then be assigned to a variables.</doc>
<msg timestamp="20211108 15:23:08.856" level="INFO">${j} = 3</msg>
<status status="PASS" starttime="20211108 15:23:08.856" endtime="20211108 15:23:08.856"/>
</kw>
<kw name="Catenate" library="BuiltIn">
<var>${status}</var>
<arg>SEPARATOR=</arg>
<arg>head_lblstatus</arg>
<arg>${j}</arg>
<doc>Catenates the given items together and returns the resulted string.</doc>
<msg timestamp="20211108 15:23:08.857" level="INFO">${status} = head_lblstatus3</msg>
<status status="PASS" starttime="20211108 15:23:08.856" endtime="20211108 15:23:08.857"/>
</kw>
<kw name="Get Text" library="SeleniumLibrary">
<var>${flight_status}</var>
<arg>${status}</arg>
<doc>Returns the text value of the element identified by ``locator``.</doc>
<msg timestamp="20211108 15:23:08.887" level="INFO">${flight_status} = Delay</msg>
<status status="PASS" starttime="20211108 15:23:08.857" endtime="20211108 15:23:08.887"/>
</kw>
<kw name="Catenate" library="BuiltIn">
<var>${check}</var>
<arg>SEPARATOR=</arg>
<arg>head_chk</arg>
<arg>${j}</arg>
<doc>Catenates the given items together and returns the resulted string.</doc>
<msg timestamp="20211108 15:23:08.887" level="INFO">${check} = head_chk3</msg>
<status status="PASS" starttime="20211108 15:23:08.887" endtime="20211108 15:23:08.887"/>
</kw>
<kw name="Run Keyword If" library="BuiltIn">
<arg>'${flight_status}' == '${ontime}'</arg>
<arg>Select Checkbox</arg>
<arg>${check}</arg>
<doc>Runs the given keyword with the given arguments, if ``condition`` is true.</doc>
<status status="PASS" starttime="20211108 15:23:08.887" endtime="20211108 15:23:08.887"/>
</kw>
<status status="PASS" starttime="20211108 15:23:08.856" endtime="20211108 15:23:08.888"/>
</branch>
<status status="PASS" starttime="20211108 15:23:08.856" endtime="20211108 15:23:08.888"/>
</if>
<status status="PASS" starttime="20211108 15:23:08.856" endtime="20211108 15:23:08.888"/>
</iter>
<iter>
<var name="${i}">4</var>
<if>
<branch type="IF" condition="${i} &gt; 0">
<kw name="Set Variable" library="BuiltIn">
<var>${j}</var>
<arg>${i}</arg>
<doc>Returns the given values which can then be assigned to a variables.</doc>
<msg timestamp="20211108 15:23:08.888" level="INFO">${j} = 4</msg>
<status status="PASS" starttime="20211108 15:23:08.888" endtime="20211108 15:23:08.888"/>
</kw>
<kw name="Catenate" library="BuiltIn">
<var>${status}</var>
<arg>SEPARATOR=</arg>
<arg>head_lblstatus</arg>
<arg>${j}</arg>
<doc>Catenates the given items together and returns the resulted string.</doc>
<msg timestamp="20211108 15:23:08.888" level="INFO">${status} = head_lblstatus4</msg>
<status status="PASS" starttime="20211108 15:23:08.888" endtime="20211108 15:23:08.888"/>
</kw>
<kw name="Get Text" library="SeleniumLibrary">
<var>${flight_status}</var>
<arg>${status}</arg>
<doc>Returns the text value of the element identified by ``locator``.</doc>
<msg timestamp="20211108 15:23:08.914" level="INFO">${flight_status} = On Time</msg>
<status status="PASS" starttime="20211108 15:23:08.889" endtime="20211108 15:23:08.914"/>
</kw>
<kw name="Catenate" library="BuiltIn">
<var>${check}</var>
<arg>SEPARATOR=</arg>
<arg>head_chk</arg>
<arg>${j}</arg>
<doc>Catenates the given items together and returns the resulted string.</doc>
<msg timestamp="20211108 15:23:08.915" level="INFO">${check} = head_chk4</msg>
<status status="PASS" starttime="20211108 15:23:08.914" endtime="20211108 15:23:08.915"/>
</kw>
<kw name="Run Keyword If" library="BuiltIn">
<arg>'${flight_status}' == '${ontime}'</arg>
<arg>Select Checkbox</arg>
<arg>${check}</arg>
<doc>Runs the given keyword with the given arguments, if ``condition`` is true.</doc>
<kw name="Select Checkbox" library="SeleniumLibrary">
<arg>${check}</arg>
<doc>Selects the checkbox identified by ``locator``.</doc>
<msg timestamp="20211108 15:23:08.916" level="INFO">Selecting checkbox 'head_chk4'.</msg>
<status status="PASS" starttime="20211108 15:23:08.915" endtime="20211108 15:23:08.990"/>
</kw>
<status status="PASS" starttime="20211108 15:23:08.915" endtime="20211108 15:23:08.990"/>
</kw>
<status status="PASS" starttime="20211108 15:23:08.888" endtime="20211108 15:23:08.990"/>
</branch>
<status status="PASS" starttime="20211108 15:23:08.888" endtime="20211108 15:23:08.990"/>
</if>
<status status="PASS" starttime="20211108 15:23:08.888" endtime="20211108 15:23:08.990"/>
</iter>
<iter>
<var name="${i}">5</var>
<if>
<branch type="IF" condition="${i} &gt; 0">
<kw name="Set Variable" library="BuiltIn">
<var>${j}</var>
<arg>${i}</arg>
<doc>Returns the given values which can then be assigned to a variables.</doc>
<msg timestamp="20211108 15:23:08.991" level="INFO">${j} = 5</msg>
<status status="PASS" starttime="20211108 15:23:08.991" endtime="20211108 15:23:08.991"/>
</kw>
<kw name="Catenate" library="BuiltIn">
<var>${status}</var>
<arg>SEPARATOR=</arg>
<arg>head_lblstatus</arg>
<arg>${j}</arg>
<doc>Catenates the given items together and returns the resulted string.</doc>
<msg timestamp="20211108 15:23:08.992" level="INFO">${status} = head_lblstatus5</msg>
<status status="PASS" starttime="20211108 15:23:08.992" endtime="20211108 15:23:08.992"/>
</kw>
<kw name="Get Text" library="SeleniumLibrary">
<var>${flight_status}</var>
<arg>${status}</arg>
<doc>Returns the text value of the element identified by ``locator``.</doc>
<msg timestamp="20211108 15:23:09.015" level="INFO">${flight_status} = On Time</msg>
<status status="PASS" starttime="20211108 15:23:08.992" endtime="20211108 15:23:09.015"/>
</kw>
<kw name="Catenate" library="BuiltIn">
<var>${check}</var>
<arg>SEPARATOR=</arg>
<arg>head_chk</arg>
<arg>${j}</arg>
<doc>Catenates the given items together and returns the resulted string.</doc>
<msg timestamp="20211108 15:23:09.016" level="INFO">${check} = head_chk5</msg>
<status status="PASS" starttime="20211108 15:23:09.015" endtime="20211108 15:23:09.016"/>
</kw>
<kw name="Run Keyword If" library="BuiltIn">
<arg>'${flight_status}' == '${ontime}'</arg>
<arg>Select Checkbox</arg>
<arg>${check}</arg>
<doc>Runs the given keyword with the given arguments, if ``condition`` is true.</doc>
<kw name="Select Checkbox" library="SeleniumLibrary">
<arg>${check}</arg>
<doc>Selects the checkbox identified by ``locator``.</doc>
<msg timestamp="20211108 15:23:09.016" level="INFO">Selecting checkbox 'head_chk5'.</msg>
<status status="PASS" starttime="20211108 15:23:09.016" endtime="20211108 15:23:09.076"/>
</kw>
<status status="PASS" starttime="20211108 15:23:09.016" endtime="20211108 15:23:09.076"/>
</kw>
<status status="PASS" starttime="20211108 15:23:08.990" endtime="20211108 15:23:09.076"/>
</branch>
<status status="PASS" starttime="20211108 15:23:08.990" endtime="20211108 15:23:09.076"/>
</if>
<status status="PASS" starttime="20211108 15:23:08.990" endtime="20211108 15:23:09.076"/>
</iter>
<iter>
<var name="${i}">6</var>
<if>
<branch type="IF" condition="${i} &gt; 0">
<kw name="Set Variable" library="BuiltIn">
<var>${j}</var>
<arg>${i}</arg>
<doc>Returns the given values which can then be assigned to a variables.</doc>
<msg timestamp="20211108 15:23:09.076" level="INFO">${j} = 6</msg>
<status status="PASS" starttime="20211108 15:23:09.076" endtime="20211108 15:23:09.076"/>
</kw>
<kw name="Catenate" library="BuiltIn">
<var>${status}</var>
<arg>SEPARATOR=</arg>
<arg>head_lblstatus</arg>
<arg>${j}</arg>
<doc>Catenates the given items together and returns the resulted string.</doc>
<msg timestamp="20211108 15:23:09.077" level="INFO">${status} = head_lblstatus6</msg>
<status status="PASS" starttime="20211108 15:23:09.077" endtime="20211108 15:23:09.077"/>
</kw>
<kw name="Get Text" library="SeleniumLibrary">
<var>${flight_status}</var>
<arg>${status}</arg>
<doc>Returns the text value of the element identified by ``locator``.</doc>
<msg timestamp="20211108 15:23:09.099" level="INFO">${flight_status} = Delay</msg>
<status status="PASS" starttime="20211108 15:23:09.077" endtime="20211108 15:23:09.100"/>
</kw>
<kw name="Catenate" library="BuiltIn">
<var>${check}</var>
<arg>SEPARATOR=</arg>
<arg>head_chk</arg>
<arg>${j}</arg>
<doc>Catenates the given items together and returns the resulted string.</doc>
<msg timestamp="20211108 15:23:09.100" level="INFO">${check} = head_chk6</msg>
<status status="PASS" starttime="20211108 15:23:09.100" endtime="20211108 15:23:09.100"/>
</kw>
<kw name="Run Keyword If" library="BuiltIn">
<arg>'${flight_status}' == '${ontime}'</arg>
<arg>Select Checkbox</arg>
<arg>${check}</arg>
<doc>Runs the given keyword with the given arguments, if ``condition`` is true.</doc>
<status status="PASS" starttime="20211108 15:23:09.100" endtime="20211108 15:23:09.100"/>
</kw>
<status status="PASS" starttime="20211108 15:23:09.076" endtime="20211108 15:23:09.100"/>
</branch>
<status status="PASS" starttime="20211108 15:23:09.076" endtime="20211108 15:23:09.100"/>
</if>
<status status="PASS" starttime="20211108 15:23:09.076" endtime="20211108 15:23:09.100"/>
</iter>
<iter>
<var name="${i}">7</var>
<if>
<branch type="IF" condition="${i} &gt; 0">
<kw name="Set Variable" library="BuiltIn">
<var>${j}</var>
<arg>${i}</arg>
<doc>Returns the given values which can then be assigned to a variables.</doc>
<msg timestamp="20211108 15:23:09.101" level="INFO">${j} = 7</msg>
<status status="PASS" starttime="20211108 15:23:09.101" endtime="20211108 15:23:09.101"/>
</kw>
<kw name="Catenate" library="BuiltIn">
<var>${status}</var>
<arg>SEPARATOR=</arg>
<arg>head_lblstatus</arg>
<arg>${j}</arg>
<doc>Catenates the given items together and returns the resulted string.</doc>
<msg timestamp="20211108 15:23:09.102" level="INFO">${status} = head_lblstatus7</msg>
<status status="PASS" starttime="20211108 15:23:09.102" endtime="20211108 15:23:09.102"/>
</kw>
<kw name="Get Text" library="SeleniumLibrary">
<var>${flight_status}</var>
<arg>${status}</arg>
<doc>Returns the text value of the element identified by ``locator``.</doc>
<msg timestamp="20211108 15:23:09.124" level="INFO">${flight_status} = Delay</msg>
<status status="PASS" starttime="20211108 15:23:09.102" endtime="20211108 15:23:09.124"/>
</kw>
<kw name="Catenate" library="BuiltIn">
<var>${check}</var>
<arg>SEPARATOR=</arg>
<arg>head_chk</arg>
<arg>${j}</arg>
<doc>Catenates the given items together and returns the resulted string.</doc>
<msg timestamp="20211108 15:23:09.125" level="INFO">${check} = head_chk7</msg>
<status status="PASS" starttime="20211108 15:23:09.125" endtime="20211108 15:23:09.125"/>
</kw>
<kw name="Run Keyword If" library="BuiltIn">
<arg>'${flight_status}' == '${ontime}'</arg>
<arg>Select Checkbox</arg>
<arg>${check}</arg>
<doc>Runs the given keyword with the given arguments, if ``condition`` is true.</doc>
<status status="PASS" starttime="20211108 15:23:09.125" endtime="20211108 15:23:09.125"/>
</kw>
<status status="PASS" starttime="20211108 15:23:09.101" endtime="20211108 15:23:09.125"/>
</branch>
<status status="PASS" starttime="20211108 15:23:09.101" endtime="20211108 15:23:09.125"/>
</if>
<status status="PASS" starttime="20211108 15:23:09.100" endtime="20211108 15:23:09.126"/>
</iter>
<iter>
<var name="${i}">8</var>
<if>
<branch type="IF" condition="${i} &gt; 0">
<kw name="Set Variable" library="BuiltIn">
<var>${j}</var>
<arg>${i}</arg>
<doc>Returns the given values which can then be assigned to a variables.</doc>
<msg timestamp="20211108 15:23:09.126" level="INFO">${j} = 8</msg>
<status status="PASS" starttime="20211108 15:23:09.126" endtime="20211108 15:23:09.126"/>
</kw>
<kw name="Catenate" library="BuiltIn">
<var>${status}</var>
<arg>SEPARATOR=</arg>
<arg>head_lblstatus</arg>
<arg>${j}</arg>
<doc>Catenates the given items together and returns the resulted string.</doc>
<msg timestamp="20211108 15:23:09.126" level="INFO">${status} = head_lblstatus8</msg>
<status status="PASS" starttime="20211108 15:23:09.126" endtime="20211108 15:23:09.126"/>
</kw>
<kw name="Get Text" library="SeleniumLibrary">
<var>${flight_status}</var>
<arg>${status}</arg>
<doc>Returns the text value of the element identified by ``locator``.</doc>
<msg timestamp="20211108 15:23:09.149" level="INFO">${flight_status} = On Time</msg>
<status status="PASS" starttime="20211108 15:23:09.127" endtime="20211108 15:23:09.149"/>
</kw>
<kw name="Catenate" library="BuiltIn">
<var>${check}</var>
<arg>SEPARATOR=</arg>
<arg>head_chk</arg>
<arg>${j}</arg>
<doc>Catenates the given items together and returns the resulted string.</doc>
<msg timestamp="20211108 15:23:09.150" level="INFO">${check} = head_chk8</msg>
<status status="PASS" starttime="20211108 15:23:09.149" endtime="20211108 15:23:09.150"/>
</kw>
<kw name="Run Keyword If" library="BuiltIn">
<arg>'${flight_status}' == '${ontime}'</arg>
<arg>Select Checkbox</arg>
<arg>${check}</arg>
<doc>Runs the given keyword with the given arguments, if ``condition`` is true.</doc>
<kw name="Select Checkbox" library="SeleniumLibrary">
<arg>${check}</arg>
<doc>Selects the checkbox identified by ``locator``.</doc>
<msg timestamp="20211108 15:23:09.150" level="INFO">Selecting checkbox 'head_chk8'.</msg>
<status status="PASS" starttime="20211108 15:23:09.150" endtime="20211108 15:23:09.208"/>
</kw>
<status status="PASS" starttime="20211108 15:23:09.150" endtime="20211108 15:23:09.208"/>
</kw>
<status status="PASS" starttime="20211108 15:23:09.126" endtime="20211108 15:23:09.208"/>
</branch>
<status status="PASS" starttime="20211108 15:23:09.126" endtime="20211108 15:23:09.208"/>
</if>
<status status="PASS" starttime="20211108 15:23:09.126" endtime="20211108 15:23:09.208"/>
</iter>
<iter>
<var name="${i}">9</var>
<if>
<branch type="IF" condition="${i} &gt; 0">
<kw name="Set Variable" library="BuiltIn">
<var>${j}</var>
<arg>${i}</arg>
<doc>Returns the given values which can then be assigned to a variables.</doc>
<msg timestamp="20211108 15:23:09.209" level="INFO">${j} = 9</msg>
<status status="PASS" starttime="20211108 15:23:09.208" endtime="20211108 15:23:09.209"/>
</kw>
<kw name="Catenate" library="BuiltIn">
<var>${status}</var>
<arg>SEPARATOR=</arg>
<arg>head_lblstatus</arg>
<arg>${j}</arg>
<doc>Catenates the given items together and returns the resulted string.</doc>
<msg timestamp="20211108 15:23:09.209" level="INFO">${status} = head_lblstatus9</msg>
<status status="PASS" starttime="20211108 15:23:09.209" endtime="20211108 15:23:09.209"/>
</kw>
<kw name="Get Text" library="SeleniumLibrary">
<var>${flight_status}</var>
<arg>${status}</arg>
<doc>Returns the text value of the element identified by ``locator``.</doc>
<msg timestamp="20211108 15:23:09.232" level="INFO">${flight_status} = Delay</msg>
<status status="PASS" starttime="20211108 15:23:09.210" endtime="20211108 15:23:09.232"/>
</kw>
<kw name="Catenate" library="BuiltIn">
<var>${check}</var>
<arg>SEPARATOR=</arg>
<arg>head_chk</arg>
<arg>${j}</arg>
<doc>Catenates the given items together and returns the resulted string.</doc>
<msg timestamp="20211108 15:23:09.233" level="INFO">${check} = head_chk9</msg>
<status status="PASS" starttime="20211108 15:23:09.233" endtime="20211108 15:23:09.233"/>
</kw>
<kw name="Run Keyword If" library="BuiltIn">
<arg>'${flight_status}' == '${ontime}'</arg>
<arg>Select Checkbox</arg>
<arg>${check}</arg>
<doc>Runs the given keyword with the given arguments, if ``condition`` is true.</doc>
<status status="PASS" starttime="20211108 15:23:09.233" endtime="20211108 15:23:09.233"/>
</kw>
<status status="PASS" starttime="20211108 15:23:09.208" endtime="20211108 15:23:09.233"/>
</branch>
<status status="PASS" starttime="20211108 15:23:09.208" endtime="20211108 15:23:09.233"/>
</if>
<status status="PASS" starttime="20211108 15:23:09.208" endtime="20211108 15:23:09.233"/>
</iter>
<iter>
<var name="${i}">10</var>
<if>
<branch type="IF" condition="${i} &gt; 0">
<kw name="Set Variable" library="BuiltIn">
<var>${j}</var>
<arg>${i}</arg>
<doc>Returns the given values which can then be assigned to a variables.</doc>
<msg timestamp="20211108 15:23:09.234" level="INFO">${j} = 10</msg>
<status status="PASS" starttime="20211108 15:23:09.234" endtime="20211108 15:23:09.234"/>
</kw>
<kw name="Catenate" library="BuiltIn">
<var>${status}</var>
<arg>SEPARATOR=</arg>
<arg>head_lblstatus</arg>
<arg>${j}</arg>
<doc>Catenates the given items together and returns the resulted string.</doc>
<msg timestamp="20211108 15:23:09.234" level="INFO">${status} = head_lblstatus10</msg>
<status status="PASS" starttime="20211108 15:23:09.234" endtime="20211108 15:23:09.234"/>
</kw>
<kw name="Get Text" library="SeleniumLibrary">
<var>${flight_status}</var>
<arg>${status}</arg>
<doc>Returns the text value of the element identified by ``locator``.</doc>
<msg timestamp="20211108 15:23:09.257" level="INFO">${flight_status} = On Time</msg>
<status status="PASS" starttime="20211108 15:23:09.234" endtime="20211108 15:23:09.257"/>
</kw>
<kw name="Catenate" library="BuiltIn">
<var>${check}</var>
<arg>SEPARATOR=</arg>
<arg>head_chk</arg>
<arg>${j}</arg>
<doc>Catenates the given items together and returns the resulted string.</doc>
<msg timestamp="20211108 15:23:09.257" level="INFO">${check} = head_chk10</msg>
<status status="PASS" starttime="20211108 15:23:09.257" endtime="20211108 15:23:09.257"/>
</kw>
<kw name="Run Keyword If" library="BuiltIn">
<arg>'${flight_status}' == '${ontime}'</arg>
<arg>Select Checkbox</arg>
<arg>${check}</arg>
<doc>Runs the given keyword with the given arguments, if ``condition`` is true.</doc>
<kw name="Select Checkbox" library="SeleniumLibrary">
<arg>${check}</arg>
<doc>Selects the checkbox identified by ``locator``.</doc>
<msg timestamp="20211108 15:23:09.258" level="INFO">Selecting checkbox 'head_chk10'.</msg>
<status status="PASS" starttime="20211108 15:23:09.258" endtime="20211108 15:23:09.315"/>
</kw>
<status status="PASS" starttime="20211108 15:23:09.257" endtime="20211108 15:23:09.315"/>
</kw>
<status status="PASS" starttime="20211108 15:23:09.234" endtime="20211108 15:23:09.315"/>
</branch>
<status status="PASS" starttime="20211108 15:23:09.233" endtime="20211108 15:23:09.315"/>
</if>
<status status="PASS" starttime="20211108 15:23:09.233" endtime="20211108 15:23:09.316"/>
</iter>
<iter>
<var name="${i}">11</var>
<if>
<branch type="IF" condition="${i} &gt; 0">
<kw name="Set Variable" library="BuiltIn">
<var>${j}</var>
<arg>${i}</arg>
<doc>Returns the given values which can then be assigned to a variables.</doc>
<msg timestamp="20211108 15:23:09.316" level="INFO">${j} = 11</msg>
<status status="PASS" starttime="20211108 15:23:09.316" endtime="20211108 15:23:09.316"/>
</kw>
<kw name="Catenate" library="BuiltIn">
<var>${status}</var>
<arg>SEPARATOR=</arg>
<arg>head_lblstatus</arg>
<arg>${j}</arg>
<doc>Catenates the given items together and returns the resulted string.</doc>
<msg timestamp="20211108 15:23:09.317" level="INFO">${status} = head_lblstatus11</msg>
<status status="PASS" starttime="20211108 15:23:09.317" endtime="20211108 15:23:09.317"/>
</kw>
<kw name="Get Text" library="SeleniumLibrary">
<var>${flight_status}</var>
<arg>${status}</arg>
<doc>Returns the text value of the element identified by ``locator``.</doc>
<msg timestamp="20211108 15:23:09.340" level="INFO">${flight_status} = Delay</msg>
<status status="PASS" starttime="20211108 15:23:09.317" endtime="20211108 15:23:09.340"/>
</kw>
<kw name="Catenate" library="BuiltIn">
<var>${check}</var>
<arg>SEPARATOR=</arg>
<arg>head_chk</arg>
<arg>${j}</arg>
<doc>Catenates the given items together and returns the resulted string.</doc>
<msg timestamp="20211108 15:23:09.341" level="INFO">${check} = head_chk11</msg>
<status status="PASS" starttime="20211108 15:23:09.341" endtime="20211108 15:23:09.341"/>
</kw>
<kw name="Run Keyword If" library="BuiltIn">
<arg>'${flight_status}' == '${ontime}'</arg>
<arg>Select Checkbox</arg>
<arg>${check}</arg>
<doc>Runs the given keyword with the given arguments, if ``condition`` is true.</doc>
<status status="PASS" starttime="20211108 15:23:09.341" endtime="20211108 15:23:09.341"/>
</kw>
<status status="PASS" starttime="20211108 15:23:09.316" endtime="20211108 15:23:09.341"/>
</branch>
<status status="PASS" starttime="20211108 15:23:09.316" endtime="20211108 15:23:09.341"/>
</if>
<status status="PASS" starttime="20211108 15:23:09.316" endtime="20211108 15:23:09.341"/>
</iter>
<iter>
<var name="${i}">12</var>
<if>
<branch type="IF" condition="${i} &gt; 0">
<kw name="Set Variable" library="BuiltIn">
<var>${j}</var>
<arg>${i}</arg>
<doc>Returns the given values which can then be assigned to a variables.</doc>
<msg timestamp="20211108 15:23:09.342" level="INFO">${j} = 12</msg>
<status status="PASS" starttime="20211108 15:23:09.342" endtime="20211108 15:23:09.342"/>
</kw>
<kw name="Catenate" library="BuiltIn">
<var>${status}</var>
<arg>SEPARATOR=</arg>
<arg>head_lblstatus</arg>
<arg>${j}</arg>
<doc>Catenates the given items together and returns the resulted string.</doc>
<msg timestamp="20211108 15:23:09.342" level="INFO">${status} = head_lblstatus12</msg>
<status status="PASS" starttime="20211108 15:23:09.342" endtime="20211108 15:23:09.342"/>
</kw>
<kw name="Get Text" library="SeleniumLibrary">
<var>${flight_status}</var>
<arg>${status}</arg>
<doc>Returns the text value of the element identified by ``locator``.</doc>
<msg timestamp="20211108 15:23:09.364" level="INFO">${flight_status} = Delay</msg>
<status status="PASS" starttime="20211108 15:23:09.342" endtime="20211108 15:23:09.364"/>
</kw>
<kw name="Catenate" library="BuiltIn">
<var>${check}</var>
<arg>SEPARATOR=</arg>
<arg>head_chk</arg>
<arg>${j}</arg>
<doc>Catenates the given items together and returns the resulted string.</doc>
<msg timestamp="20211108 15:23:09.366" level="INFO">${check} = head_chk12</msg>
<status status="PASS" starttime="20211108 15:23:09.365" endtime="20211108 15:23:09.366"/>
</kw>
<kw name="Run Keyword If" library="BuiltIn">
<arg>'${flight_status}' == '${ontime}'</arg>
<arg>Select Checkbox</arg>
<arg>${check}</arg>
<doc>Runs the given keyword with the given arguments, if ``condition`` is true.</doc>
<status status="PASS" starttime="20211108 15:23:09.366" endtime="20211108 15:23:09.366"/>
</kw>
<status status="PASS" starttime="20211108 15:23:09.341" endtime="20211108 15:23:09.366"/>
</branch>
<status status="PASS" starttime="20211108 15:23:09.341" endtime="20211108 15:23:09.366"/>
</if>
<status status="PASS" starttime="20211108 15:23:09.341" endtime="20211108 15:23:09.366"/>
</iter>
<iter>
<var name="${i}">13</var>
<if>
<branch type="IF" condition="${i} &gt; 0">
<kw name="Set Variable" library="BuiltIn">
<var>${j}</var>
<arg>${i}</arg>
<doc>Returns the given values which can then be assigned to a variables.</doc>
<msg timestamp="20211108 15:23:09.366" level="INFO">${j} = 13</msg>
<status status="PASS" starttime="20211108 15:23:09.366" endtime="20211108 15:23:09.367"/>
</kw>
<kw name="Catenate" library="BuiltIn">
<var>${status}</var>
<arg>SEPARATOR=</arg>
<arg>head_lblstatus</arg>
<arg>${j}</arg>
<doc>Catenates the given items together and returns the resulted string.</doc>
<msg timestamp="20211108 15:23:09.367" level="INFO">${status} = head_lblstatus13</msg>
<status status="PASS" starttime="20211108 15:23:09.367" endtime="20211108 15:23:09.367"/>
</kw>
<kw name="Get Text" library="SeleniumLibrary">
<var>${flight_status}</var>
<arg>${status}</arg>
<doc>Returns the text value of the element identified by ``locator``.</doc>
<msg timestamp="20211108 15:23:09.388" level="INFO">${flight_status} = Delay</msg>
<status status="PASS" starttime="20211108 15:23:09.367" endtime="20211108 15:23:09.388"/>
</kw>
<kw name="Catenate" library="BuiltIn">
<var>${check}</var>
<arg>SEPARATOR=</arg>
<arg>head_chk</arg>
<arg>${j}</arg>
<doc>Catenates the given items together and returns the resulted string.</doc>
<msg timestamp="20211108 15:23:09.389" level="INFO">${check} = head_chk13</msg>
<status status="PASS" starttime="20211108 15:23:09.389" endtime="20211108 15:23:09.389"/>
</kw>
<kw name="Run Keyword If" library="BuiltIn">
<arg>'${flight_status}' == '${ontime}'</arg>
<arg>Select Checkbox</arg>
<arg>${check}</arg>
<doc>Runs the given keyword with the given arguments, if ``condition`` is true.</doc>
<status status="PASS" starttime="20211108 15:23:09.389" endtime="20211108 15:23:09.389"/>
</kw>
<status status="PASS" starttime="20211108 15:23:09.366" endtime="20211108 15:23:09.389"/>
</branch>
<status status="PASS" starttime="20211108 15:23:09.366" endtime="20211108 15:23:09.389"/>
</if>
<status status="PASS" starttime="20211108 15:23:09.366" endtime="20211108 15:23:09.389"/>
</iter>
<iter>
<var name="${i}">14</var>
<if>
<branch type="IF" condition="${i} &gt; 0">
<kw name="Set Variable" library="BuiltIn">
<var>${j}</var>
<arg>${i}</arg>
<doc>Returns the given values which can then be assigned to a variables.</doc>
<msg timestamp="20211108 15:23:09.390" level="INFO">${j} = 14</msg>
<status status="PASS" starttime="20211108 15:23:09.390" endtime="20211108 15:23:09.390"/>
</kw>
<kw name="Catenate" library="BuiltIn">
<var>${status}</var>
<arg>SEPARATOR=</arg>
<arg>head_lblstatus</arg>
<arg>${j}</arg>
<doc>Catenates the given items together and returns the resulted string.</doc>
<msg timestamp="20211108 15:23:09.390" level="INFO">${status} = head_lblstatus14</msg>
<status status="PASS" starttime="20211108 15:23:09.390" endtime="20211108 15:23:09.390"/>
</kw>
<kw name="Get Text" library="SeleniumLibrary">
<var>${flight_status}</var>
<arg>${status}</arg>
<doc>Returns the text value of the element identified by ``locator``.</doc>
<msg timestamp="20211108 15:23:09.412" level="INFO">${flight_status} = Delay</msg>
<status status="PASS" starttime="20211108 15:23:09.390" endtime="20211108 15:23:09.412"/>
</kw>
<kw name="Catenate" library="BuiltIn">
<var>${check}</var>
<arg>SEPARATOR=</arg>
<arg>head_chk</arg>
<arg>${j}</arg>
<doc>Catenates the given items together and returns the resulted string.</doc>
<msg timestamp="20211108 15:23:09.412" level="INFO">${check} = head_chk14</msg>
<status status="PASS" starttime="20211108 15:23:09.412" endtime="20211108 15:23:09.412"/>
</kw>
<kw name="Run Keyword If" library="BuiltIn">
<arg>'${flight_status}' == '${ontime}'</arg>
<arg>Select Checkbox</arg>
<arg>${check}</arg>
<doc>Runs the given keyword with the given arguments, if ``condition`` is true.</doc>
<status status="PASS" starttime="20211108 15:23:09.412" endtime="20211108 15:23:09.413"/>
</kw>
<status status="PASS" starttime="20211108 15:23:09.390" endtime="20211108 15:23:09.413"/>
</branch>
<status status="PASS" starttime="20211108 15:23:09.389" endtime="20211108 15:23:09.413"/>
</if>
<status status="PASS" starttime="20211108 15:23:09.389" endtime="20211108 15:23:09.413"/>
</iter>
<iter>
<var name="${i}">15</var>
<if>
<branch type="IF" condition="${i} &gt; 0">
<kw name="Set Variable" library="BuiltIn">
<var>${j}</var>
<arg>${i}</arg>
<doc>Returns the given values which can then be assigned to a variables.</doc>
<msg timestamp="20211108 15:23:09.414" level="INFO">${j} = 15</msg>
<status status="PASS" starttime="20211108 15:23:09.414" endtime="20211108 15:23:09.414"/>
</kw>
<kw name="Catenate" library="BuiltIn">
<var>${status}</var>
<arg>SEPARATOR=</arg>
<arg>head_lblstatus</arg>
<arg>${j}</arg>
<doc>Catenates the given items together and returns the resulted string.</doc>
<msg timestamp="20211108 15:23:09.414" level="INFO">${status} = head_lblstatus15</msg>
<status status="PASS" starttime="20211108 15:23:09.414" endtime="20211108 15:23:09.414"/>
</kw>
<kw name="Get Text" library="SeleniumLibrary">
<var>${flight_status}</var>
<arg>${status}</arg>
<doc>Returns the text value of the element identified by ``locator``.</doc>
<msg timestamp="20211108 15:23:09.436" level="INFO">${flight_status} = Delay</msg>
<status status="PASS" starttime="20211108 15:23:09.414" endtime="20211108 15:23:09.436"/>
</kw>
<kw name="Catenate" library="BuiltIn">
<var>${check}</var>
<arg>SEPARATOR=</arg>
<arg>head_chk</arg>
<arg>${j}</arg>
<doc>Catenates the given items together and returns the resulted string.</doc>
<msg timestamp="20211108 15:23:09.436" level="INFO">${check} = head_chk15</msg>
<status status="PASS" starttime="20211108 15:23:09.436" endtime="20211108 15:23:09.437"/>
</kw>
<kw name="Run Keyword If" library="BuiltIn">
<arg>'${flight_status}' == '${ontime}'</arg>
<arg>Select Checkbox</arg>
<arg>${check}</arg>
<doc>Runs the given keyword with the given arguments, if ``condition`` is true.</doc>
<status status="PASS" starttime="20211108 15:23:09.437" endtime="20211108 15:23:09.437"/>
</kw>
<status status="PASS" starttime="20211108 15:23:09.414" endtime="20211108 15:23:09.437"/>
</branch>
<status status="PASS" starttime="20211108 15:23:09.414" endtime="20211108 15:23:09.437"/>
</if>
<status status="PASS" starttime="20211108 15:23:09.414" endtime="20211108 15:23:09.437"/>
</iter>
<iter>
<var name="${i}">16</var>
<if>
<branch type="IF" condition="${i} &gt; 0">
<kw name="Set Variable" library="BuiltIn">
<var>${j}</var>
<arg>${i}</arg>
<doc>Returns the given values which can then be assigned to a variables.</doc>
<msg timestamp="20211108 15:23:09.437" level="INFO">${j} = 16</msg>
<status status="PASS" starttime="20211108 15:23:09.437" endtime="20211108 15:23:09.437"/>
</kw>
<kw name="Catenate" library="BuiltIn">
<var>${status}</var>
<arg>SEPARATOR=</arg>
<arg>head_lblstatus</arg>
<arg>${j}</arg>
<doc>Catenates the given items together and returns the resulted string.</doc>
<msg timestamp="20211108 15:23:09.438" level="INFO">${status} = head_lblstatus16</msg>
<status status="PASS" starttime="20211108 15:23:09.438" endtime="20211108 15:23:09.438"/>
</kw>
<kw name="Get Text" library="SeleniumLibrary">
<var>${flight_status}</var>
<arg>${status}</arg>
<doc>Returns the text value of the element identified by ``locator``.</doc>
<msg timestamp="20211108 15:23:09.461" level="INFO">${flight_status} = Delay</msg>
<status status="PASS" starttime="20211108 15:23:09.438" endtime="20211108 15:23:09.461"/>
</kw>
<kw name="Catenate" library="BuiltIn">
<var>${check}</var>
<arg>SEPARATOR=</arg>
<arg>head_chk</arg>
<arg>${j}</arg>
<doc>Catenates the given items together and returns the resulted string.</doc>
<msg timestamp="20211108 15:23:09.461" level="INFO">${check} = head_chk16</msg>
<status status="PASS" starttime="20211108 15:23:09.461" endtime="20211108 15:23:09.461"/>
</kw>
<kw name="Run Keyword If" library="BuiltIn">
<arg>'${flight_status}' == '${ontime}'</arg>
<arg>Select Checkbox</arg>
<arg>${check}</arg>
<doc>Runs the given keyword with the given arguments, if ``condition`` is true.</doc>
<status status="PASS" starttime="20211108 15:23:09.461" endtime="20211108 15:23:09.462"/>
</kw>
<status status="PASS" starttime="20211108 15:23:09.437" endtime="20211108 15:23:09.462"/>
</branch>
<status status="PASS" starttime="20211108 15:23:09.437" endtime="20211108 15:23:09.462"/>
</if>
<status status="PASS" starttime="20211108 15:23:09.437" endtime="20211108 15:23:09.462"/>
</iter>
<iter>
<var name="${i}">17</var>
<if>
<branch type="IF" condition="${i} &gt; 0">
<kw name="Set Variable" library="BuiltIn">
<var>${j}</var>
<arg>${i}</arg>
<doc>Returns the given values which can then be assigned to a variables.</doc>
<msg timestamp="20211108 15:23:09.462" level="INFO">${j} = 17</msg>
<status status="PASS" starttime="20211108 15:23:09.462" endtime="20211108 15:23:09.462"/>
</kw>
<kw name="Catenate" library="BuiltIn">
<var>${status}</var>
<arg>SEPARATOR=</arg>
<arg>head_lblstatus</arg>
<arg>${j}</arg>
<doc>Catenates the given items together and returns the resulted string.</doc>
<msg timestamp="20211108 15:23:09.463" level="INFO">${status} = head_lblstatus17</msg>
<status status="PASS" starttime="20211108 15:23:09.462" endtime="20211108 15:23:09.463"/>
</kw>
<kw name="Get Text" library="SeleniumLibrary">
<var>${flight_status}</var>
<arg>${status}</arg>
<doc>Returns the text value of the element identified by ``locator``.</doc>
<msg timestamp="20211108 15:23:09.484" level="INFO">${flight_status} = Delay</msg>
<status status="PASS" starttime="20211108 15:23:09.463" endtime="20211108 15:23:09.485"/>
</kw>
<kw name="Catenate" library="BuiltIn">
<var>${check}</var>
<arg>SEPARATOR=</arg>
<arg>head_chk</arg>
<arg>${j}</arg>
<doc>Catenates the given items together and returns the resulted string.</doc>
<msg timestamp="20211108 15:23:09.485" level="INFO">${check} = head_chk17</msg>
<status status="PASS" starttime="20211108 15:23:09.485" endtime="20211108 15:23:09.485"/>
</kw>
<kw name="Run Keyword If" library="BuiltIn">
<arg>'${flight_status}' == '${ontime}'</arg>
<arg>Select Checkbox</arg>
<arg>${check}</arg>
<doc>Runs the given keyword with the given arguments, if ``condition`` is true.</doc>
<status status="PASS" starttime="20211108 15:23:09.485" endtime="20211108 15:23:09.485"/>
</kw>
<status status="PASS" starttime="20211108 15:23:09.462" endtime="20211108 15:23:09.485"/>
</branch>
<status status="PASS" starttime="20211108 15:23:09.462" endtime="20211108 15:23:09.485"/>
</if>
<status status="PASS" starttime="20211108 15:23:09.462" endtime="20211108 15:23:09.485"/>
</iter>
<iter>
<var name="${i}">18</var>
<if>
<branch type="IF" condition="${i} &gt; 0">
<kw name="Set Variable" library="BuiltIn">
<var>${j}</var>
<arg>${i}</arg>
<doc>Returns the given values which can then be assigned to a variables.</doc>
<msg timestamp="20211108 15:23:09.486" level="INFO">${j} = 18</msg>
<status status="PASS" starttime="20211108 15:23:09.486" endtime="20211108 15:23:09.486"/>
</kw>
<kw name="Catenate" library="BuiltIn">
<var>${status}</var>
<arg>SEPARATOR=</arg>
<arg>head_lblstatus</arg>
<arg>${j}</arg>
<doc>Catenates the given items together and returns the resulted string.</doc>
<msg timestamp="20211108 15:23:09.486" level="INFO">${status} = head_lblstatus18</msg>
<status status="PASS" starttime="20211108 15:23:09.486" endtime="20211108 15:23:09.486"/>
</kw>
<kw name="Get Text" library="SeleniumLibrary">
<var>${flight_status}</var>
<arg>${status}</arg>
<doc>Returns the text value of the element identified by ``locator``.</doc>
<msg timestamp="20211108 15:23:09.508" level="INFO">${flight_status} = Delay</msg>
<status status="PASS" starttime="20211108 15:23:09.486" endtime="20211108 15:23:09.508"/>
</kw>
<kw name="Catenate" library="BuiltIn">
<var>${check}</var>
<arg>SEPARATOR=</arg>
<arg>head_chk</arg>
<arg>${j}</arg>
<doc>Catenates the given items together and returns the resulted string.</doc>
<msg timestamp="20211108 15:23:09.509" level="INFO">${check} = head_chk18</msg>
<status status="PASS" starttime="20211108 15:23:09.508" endtime="20211108 15:23:09.509"/>
</kw>
<kw name="Run Keyword If" library="BuiltIn">
<arg>'${flight_status}' == '${ontime}'</arg>
<arg>Select Checkbox</arg>
<arg>${check}</arg>
<doc>Runs the given keyword with the given arguments, if ``condition`` is true.</doc>
<status status="PASS" starttime="20211108 15:23:09.509" endtime="20211108 15:23:09.509"/>
</kw>
<status status="PASS" starttime="20211108 15:23:09.486" endtime="20211108 15:23:09.509"/>
</branch>
<status status="PASS" starttime="20211108 15:23:09.485" endtime="20211108 15:23:09.509"/>
</if>
<status status="PASS" starttime="20211108 15:23:09.485" endtime="20211108 15:23:09.509"/>
</iter>
<iter>
<var name="${i}">19</var>
<if>
<branch type="IF" condition="${i} &gt; 0">
<kw name="Set Variable" library="BuiltIn">
<var>${j}</var>
<arg>${i}</arg>
<doc>Returns the given values which can then be assigned to a variables.</doc>
<msg timestamp="20211108 15:23:09.509" level="INFO">${j} = 19</msg>
<status status="PASS" starttime="20211108 15:23:09.509" endtime="20211108 15:23:09.509"/>
</kw>
<kw name="Catenate" library="BuiltIn">
<var>${status}</var>
<arg>SEPARATOR=</arg>
<arg>head_lblstatus</arg>
<arg>${j}</arg>
<doc>Catenates the given items together and returns the resulted string.</doc>
<msg timestamp="20211108 15:23:09.510" level="INFO">${status} = head_lblstatus19</msg>
<status status="PASS" starttime="20211108 15:23:09.510" endtime="20211108 15:23:09.510"/>
</kw>
<kw name="Get Text" library="SeleniumLibrary">
<var>${flight_status}</var>
<arg>${status}</arg>
<doc>Returns the text value of the element identified by ``locator``.</doc>
<msg timestamp="20211108 15:23:09.531" level="INFO">${flight_status} = Delay</msg>
<status status="PASS" starttime="20211108 15:23:09.510" endtime="20211108 15:23:09.531"/>
</kw>
<kw name="Catenate" library="BuiltIn">
<var>${check}</var>
<arg>SEPARATOR=</arg>
<arg>head_chk</arg>
<arg>${j}</arg>
<doc>Catenates the given items together and returns the resulted string.</doc>
<msg timestamp="20211108 15:23:09.532" level="INFO">${check} = head_chk19</msg>
<status status="PASS" starttime="20211108 15:23:09.532" endtime="20211108 15:23:09.532"/>
</kw>
<kw name="Run Keyword If" library="BuiltIn">
<arg>'${flight_status}' == '${ontime}'</arg>
<arg>Select Checkbox</arg>
<arg>${check}</arg>
<doc>Runs the given keyword with the given arguments, if ``condition`` is true.</doc>
<status status="PASS" starttime="20211108 15:23:09.532" endtime="20211108 15:23:09.532"/>
</kw>
<status status="PASS" starttime="20211108 15:23:09.509" endtime="20211108 15:23:09.532"/>
</branch>
<status status="PASS" starttime="20211108 15:23:09.509" endtime="20211108 15:23:09.532"/>
</if>
<status status="PASS" starttime="20211108 15:23:09.509" endtime="20211108 15:23:09.532"/>
</iter>
<iter>
<var name="${i}">20</var>
<if>
<branch type="IF" condition="${i} &gt; 0">
<kw name="Set Variable" library="BuiltIn">
<var>${j}</var>
<arg>${i}</arg>
<doc>Returns the given values which can then be assigned to a variables.</doc>
<msg timestamp="20211108 15:23:09.533" level="INFO">${j} = 20</msg>
<status status="PASS" starttime="20211108 15:23:09.533" endtime="20211108 15:23:09.533"/>
</kw>
<kw name="Catenate" library="BuiltIn">
<var>${status}</var>
<arg>SEPARATOR=</arg>
<arg>head_lblstatus</arg>
<arg>${j}</arg>
<doc>Catenates the given items together and returns the resulted string.</doc>
<msg timestamp="20211108 15:23:09.533" level="INFO">${status} = head_lblstatus20</msg>
<status status="PASS" starttime="20211108 15:23:09.533" endtime="20211108 15:23:09.533"/>
</kw>
<kw name="Get Text" library="SeleniumLibrary">
<var>${flight_status}</var>
<arg>${status}</arg>
<doc>Returns the text value of the element identified by ``locator``.</doc>
<msg timestamp="20211108 15:23:09.555" level="INFO">${flight_status} = Delay</msg>
<status status="PASS" starttime="20211108 15:23:09.533" endtime="20211108 15:23:09.555"/>
</kw>
<kw name="Catenate" library="BuiltIn">
<var>${check}</var>
<arg>SEPARATOR=</arg>
<arg>head_chk</arg>
<arg>${j}</arg>
<doc>Catenates the given items together and returns the resulted string.</doc>
<msg timestamp="20211108 15:23:09.555" level="INFO">${check} = head_chk20</msg>
<status status="PASS" starttime="20211108 15:23:09.555" endtime="20211108 15:23:09.555"/>
</kw>
<kw name="Run Keyword If" library="BuiltIn">
<arg>'${flight_status}' == '${ontime}'</arg>
<arg>Select Checkbox</arg>
<arg>${check}</arg>
<doc>Runs the given keyword with the given arguments, if ``condition`` is true.</doc>
<status status="PASS" starttime="20211108 15:23:09.555" endtime="20211108 15:23:09.556"/>
</kw>
<status status="PASS" starttime="20211108 15:23:09.532" endtime="20211108 15:23:09.556"/>
</branch>
<status status="PASS" starttime="20211108 15:23:09.532" endtime="20211108 15:23:09.556"/>
</if>
<status status="PASS" starttime="20211108 15:23:09.532" endtime="20211108 15:23:09.556"/>
</iter>
<status status="PASS" starttime="20211108 15:23:08.736" endtime="20211108 15:23:09.556"/>
</for>
<kw name="Next3" library="resource">
<kw name="Click Button" library="SeleniumLibrary">
<arg>head_btnNext3</arg>
<doc>Clicks the button identified by ``locator``.</doc>
<msg timestamp="20211108 15:23:09.557" level="INFO">Clicking button 'head_btnNext3'.</msg>
<status status="PASS" starttime="20211108 15:23:09.557" endtime="20211108 15:23:10.130"/>
</kw>
<status status="PASS" starttime="20211108 15:23:09.556" endtime="20211108 15:23:10.131"/>
</kw>
<status status="PASS" starttime="20211108 15:23:02.654" endtime="20211108 15:23:10.131"/>
</test>
<status status="PASS" starttime="20211108 15:23:02.332" endtime="20211108 15:23:10.134"/>
</suite>
<status status="PASS" starttime="20211108 15:23:02.307" endtime="20211108 15:23:10.138"/>
</suite>
<statistics>
<total>
<stat pass="1" fail="0" skip="0">All Tests</stat>
</total>
<tag>
</tag>
<suite>
<stat pass="1" fail="0" skip="0" id="s1" name="Robot">Robot</stat>
<stat pass="1" fail="0" skip="0" id="s1-s1" name="Tasks">Robot.Tasks</stat>
</suite>
</statistics>
<errors>
</errors>
</robot>
